  Main.cpp
C:\Users\princ\OneDrive - Universidad Autonoma de Nuevo León\All C++\Estructura de Datos\My Final Project\Pre final v2\Winapi Final Project\Estructura de Datos\Estructura 2do. Avance\CargarBin.h(20,20): warning C4244: 'inicializando': conversión de 'std::streamoff' a 'int'; posible pérdida de datos
C:\Users\princ\OneDrive - Universidad Autonoma de Nuevo León\All C++\Estructura de Datos\My Final Project\Pre final v2\Winapi Final Project\Estructura de Datos\Estructura 2do. Avance\CargarBin.h(22,27): warning C4018: '<': no coinciden signed/unsigned
C:\Users\princ\OneDrive - Universidad Autonoma de Nuevo León\All C++\Estructura de Datos\My Final Project\Pre final v2\Winapi Final Project\Estructura de Datos\Estructura 2do. Avance\CargarBin.h(71,20): warning C4244: 'inicializando': conversión de 'std::streamoff' a 'int'; posible pérdida de datos
C:\Users\princ\OneDrive - Universidad Autonoma de Nuevo León\All C++\Estructura de Datos\My Final Project\Pre final v2\Winapi Final Project\Estructura de Datos\Estructura 2do. Avance\CargarBin.h(73,27): warning C4018: '<': no coinciden signed/unsigned
C:\Users\princ\OneDrive - Universidad Autonoma de Nuevo León\All C++\Estructura de Datos\My Final Project\Pre final v2\Winapi Final Project\Estructura de Datos\Estructura 2do. Avance\CargarBin.h(128,20): warning C4244: 'inicializando': conversión de 'std::streamoff' a 'int'; posible pérdida de datos
C:\Users\princ\OneDrive - Universidad Autonoma de Nuevo León\All C++\Estructura de Datos\My Final Project\Pre final v2\Winapi Final Project\Estructura de Datos\Estructura 2do. Avance\CargarBin.h(130,27): warning C4018: '<': no coinciden signed/unsigned
C:\Users\princ\OneDrive - Universidad Autonoma de Nuevo León\All C++\Estructura de Datos\My Final Project\Pre final v2\Winapi Final Project\Estructura de Datos\Estructura 2do. Avance\CargarBin.h(175,20): warning C4244: 'inicializando': conversión de 'std::streamoff' a 'int'; posible pérdida de datos
C:\Users\princ\OneDrive - Universidad Autonoma de Nuevo León\All C++\Estructura de Datos\My Final Project\Pre final v2\Winapi Final Project\Estructura de Datos\Estructura 2do. Avance\CargarBin.h(177,27): warning C4018: '<': no coinciden signed/unsigned
C:\Users\princ\OneDrive - Universidad Autonoma de Nuevo León\All C++\Estructura de Datos\My Final Project\Pre final v2\Winapi Final Project\Estructura de Datos\Estructura 2do. Avance\CargarBin.h(240,20): warning C4244: 'inicializando': conversión de 'std::streamoff' a 'int'; posible pérdida de datos
C:\Users\princ\OneDrive - Universidad Autonoma de Nuevo León\All C++\Estructura de Datos\My Final Project\Pre final v2\Winapi Final Project\Estructura de Datos\Estructura 2do. Avance\CargarBin.h(242,27): warning C4018: '<': no coinciden signed/unsigned
C:\Users\princ\OneDrive - Universidad Autonoma de Nuevo León\All C++\Estructura de Datos\My Final Project\Pre final v2\Winapi Final Project\Estructura de Datos\Estructura 2do. Avance\Main.cpp(1818,34): warning C4018: '<': no coinciden signed/unsigned
C:\Users\princ\OneDrive - Universidad Autonoma de Nuevo León\All C++\Estructura de Datos\My Final Project\Pre final v2\Winapi Final Project\Estructura de Datos\Estructura 2do. Avance\Main.cpp(1824,34): warning C4018: '<': no coinciden signed/unsigned
C:\Users\princ\OneDrive - Universidad Autonoma de Nuevo León\All C++\Estructura de Datos\My Final Project\Pre final v2\Winapi Final Project\Estructura de Datos\Estructura 2do. Avance\Main.cpp(1919,20): warning C4244: 'inicializando': conversión de 'size_t' a 'float'; posible pérdida de datos
C:\Users\princ\OneDrive - Universidad Autonoma de Nuevo León\All C++\Estructura de Datos\My Final Project\Pre final v2\Winapi Final Project\Estructura de Datos\Estructura 2do. Avance\Main.cpp(1936,29): warning C4244: 'inicializando': conversión de 'double' a 'float'; posible pérdida de datos
C:\Users\princ\OneDrive - Universidad Autonoma de Nuevo León\All C++\Estructura de Datos\My Final Project\Pre final v2\Winapi Final Project\Estructura de Datos\Estructura 2do. Avance\Main.cpp(1859): warning C4715: 'validarQueNoSeRepitanUsuarios': no todas las rutas de acceso de control devuelven un valor
C:\Users\princ\OneDrive - Universidad Autonoma de Nuevo León\All C++\Estructura de Datos\My Final Project\Pre final v2\Winapi Final Project\Estructura de Datos\Estructura 2do. Avance\Main.cpp(1877): warning C4715: 'validarQueNoSeRepitaClavePacks': no todas las rutas de acceso de control devuelven un valor
C:\Users\princ\OneDrive - Universidad Autonoma de Nuevo León\All C++\Estructura de Datos\My Final Project\Pre final v2\Winapi Final Project\Estructura de Datos\Estructura 2do. Avance\Main.cpp(1962): warning C4715: 'validarQueNoSeEmpalmenMecanicos': no todas las rutas de acceso de control devuelven un valor
C:\Users\princ\OneDrive - Universidad Autonoma de Nuevo León\All C++\Estructura de Datos\My Final Project\Pre final v2\Winapi Final Project\Estructura de Datos\Estructura 2do. Avance\Main.cpp(2087): warning C4715: 'validar_horario_correcto_citas': no todas las rutas de acceso de control devuelven un valor
  Estructura 2do. Avance.vcxproj -> C:\Users\princ\OneDrive - Universidad Autonoma de Nuevo León\All C++\Estructura de Datos\My Final Project\Pre final v2\Winapi Final Project\Estructura de Datos\Debug\Estructura 2do. Avance.exe
